Running: fuse.exe -relaunch -intstyle "ise" -incremental -o "C:/JSJSJYSJ/ShiftReg/test_isim_beh.exe" -prj "C:/JSJSJYSJ/ShiftReg/test_beh.prj" "work.test" 
ISim P.20131013 (signature 0x7708f090)
Number of CPUs detected in this system: 8
Turning on mult-threading, number of parallel sub-compilation jobs: 16 
Determining compilation order of HDL files
Parsing VHDL file "C:/JSJSJYSJ/ShiftReg/dff.vhd" into library work
Parsing VHDL file "C:/JSJSJYSJ/ShiftReg/shiftreg.vhd" into library work
Parsing VHDL file "C:/JSJSJYSJ/ShiftReg/test.vhd" into library work
Starting static elaboration
Completed static elaboration
Compiling package standard
Compiling package std_logic_1164
Compiling package std_logic_arith
Compiling architecture behavioral of entity dff [dff_default]
Compiling architecture behavioral of entity shiftreg [shiftreg_default]
Compiling architecture behavior of entity test
Time Resolution for simulation is 1ps.
WARNING:Simulator - Unable to copy libPortabilityNOSH.dll to the simulation executable directory: boost::filesystem::copy_file: 系统找不到指定的路径。, "isim\test_isim_beh.exe.sim\libPortability.dll".
Compiled 8 VHDL Units
Built simulation executable C:/JSJSJYSJ/ShiftReg/test_isim_beh.exe
Fuse Memory Usage: 33416 KB
Fuse CPU Usage: 437 ms
