Release 14.7 - xst P.20131013 (nt64)
Copyright (c) 1995-2013 Xilinx, Inc.  All rights reserved.
--> Parameter TMPDIR set to xst/projnav.tmp


Total REAL time to Xst completion: 0.00 secs
Total CPU time to Xst completion: 0.12 secs
 
--> Parameter xsthdpdir set to xst


Total REAL time to Xst completion: 0.00 secs
Total CPU time to Xst completion: 0.12 secs
 
--> Reading design: lab2_fsm1.prj

TABLE OF CONTENTS
  1) Synthesis Options Summary
  2) HDL Compilation
  3) Design Hierarchy Analysis
  4) HDL Analysis
  5) HDL Synthesis
     5.1) HDL Synthesis Report
  6) Advanced HDL Synthesis
     6.1) Advanced HDL Synthesis Report
  7) Low Level Synthesis
  8) Partition Report
  9) Final Report
	9.1) Device utilization summary
	9.2) Partition Resource Summary
	9.3) TIMING REPORT


=========================================================================
*                      Synthesis Options Summary                        *
=========================================================================
---- Source Parameters
Input File Name                    : "lab2_fsm1.prj"
Input Format                       : mixed
Ignore Synthesis Constraint File   : NO

---- Target Parameters
Output File Name                   : "lab2_fsm1"
Output Format                      : NGC
Target Device                      : xc3s500e-4-pq208

---- Source Options
Top Module Name                    : lab2_fsm1
Automatic FSM Extraction           : YES
FSM Encoding Algorithm             : Auto
Safe Implementation                : No
FSM Style                          : LUT
RAM Extraction                     : Yes
RAM Style                          : Auto
ROM Extraction                     : Yes
Mux Style                          : Auto
Decoder Extraction                 : YES
Priority Encoder Extraction        : Yes
Shift Register Extraction          : YES
Logical Shifter Extraction         : YES
XOR Collapsing                     : YES
ROM Style                          : Auto
Mux Extraction                     : Yes
Resource Sharing                   : YES
Asynchronous To Synchronous        : NO
Multiplier Style                   : Auto
Automatic Register Balancing       : No

---- Target Options
Add IO Buffers                     : YES
Global Maximum Fanout              : 500
Add Generic Clock Buffer(BUFG)     : 24
Register Duplication               : YES
Slice Packing                      : YES
Optimize Instantiated Primitives   : NO
Use Clock Enable                   : Yes
Use Synchronous Set                : Yes
Use Synchronous Reset              : Yes
Pack IO Registers into IOBs        : Auto
Equivalent register Removal        : YES

---- General Options
Optimization Goal                  : Speed
Optimization Effort                : 1
Keep Hierarchy                     : No
Netlist Hierarchy                  : As_Optimized
RTL Output                         : Yes
Global Optimization                : AllClockNets
Read Cores                         : YES
Write Timing Constraints           : NO
Cross Clock Analysis               : NO
Hierarchy Separator                : /
Bus Delimiter                      : <>
Case Specifier                     : Maintain
Slice Utilization Ratio            : 100
BRAM Utilization Ratio             : 100
Verilog 2001                       : YES
Auto BRAM Packing                  : NO
Slice Utilization Ratio Delta      : 5

=========================================================================


=========================================================================
*                          HDL Compilation                              *
=========================================================================
Compiling vhdl file "C:/JSJSJYSJ/lab2_fsm1/lab2_fsm1.vhd" in Library work.
Entity <lab2_fsm1> compiled.
Entity <lab2_fsm1> (Architecture <Behavioral>) compiled.

=========================================================================
*                     Design Hierarchy Analysis                         *
=========================================================================
Analyzing hierarchy for entity <lab2_fsm1> in library <work> (architecture <Behavioral>).


=========================================================================
*                            HDL Analysis                               *
=========================================================================
Analyzing Entity <lab2_fsm1> in library <work> (Architecture <Behavioral>).
Entity <lab2_fsm1> analyzed. Unit <lab2_fsm1> generated.


=========================================================================
*                           HDL Synthesis                               *
=========================================================================

Performing bidirectional port resolution...

Synthesizing Unit <lab2_fsm1>.
    Related source file is "C:/JSJSJYSJ/lab2_fsm1/lab2_fsm1.vhd".
WARNING:Xst:737 - Found 3-bit latch for signal <nx_state>. Latches may be generated from incomplete case or if statements. We do not recommend the use of latches in FPGA/CPLD designs, as they may lead to timing problems.
    Using one-hot encoding for signal <pr_state>.
    Found 3-bit register for signal <pr_state>.
Unit <lab2_fsm1> synthesized.


=========================================================================
HDL Synthesis Report

Macro Statistics
# Registers                                            : 1
 3-bit register                                        : 1
# Latches                                              : 1
 3-bit latch                                           : 1

=========================================================================

=========================================================================
*                       Advanced HDL Synthesis                          *
=========================================================================


=========================================================================
Advanced HDL Synthesis Report

Macro Statistics
# Registers                                            : 3
 Flip-Flops                                            : 3
# Latches                                              : 1
 3-bit latch                                           : 1

=========================================================================

=========================================================================
*                         Low Level Synthesis                           *
=========================================================================
WARNING:Xst:2677 - Node <pr_state_0> of sequential type is unconnected in block <lab2_fsm1>.
WARNING:Xst:2677 - Node <nx_state_0> of sequential type is unconnected in block <lab2_fsm1>.

Optimizing unit <lab2_fsm1> ...

Mapping all equations...
Building and optimizing final netlist ...
Found area constraint ratio of 100 (+ 5) on block lab2_fsm1, actual ratio is 0.

Final Macro Processing ...

=========================================================================
Final Register Report

Macro Statistics
# Registers                                            : 2
 Flip-Flops                                            : 2

=========================================================================

=========================================================================
*                           Partition Report                            *
=========================================================================

Partition Implementation Status
-------------------------------

  No Partitions were found in this design.

-------------------------------

=========================================================================
*                            Final Report                               *
=========================================================================
Final Results
RTL Top Level Output File Name     : lab2_fsm1.ngr
Top Level Output File Name         : lab2_fsm1
Output Format                      : NGC
Optimization Goal                  : Speed
Keep Hierarchy                     : No

Design Statistics
# IOs                              : 7

Cell Usage :
# BELS                             : 5
#      GND                         : 1
#      INV                         : 1
#      LUT2                        : 2
#      LUT3                        : 1
# FlipFlops/Latches                : 4
#      FDC                         : 2
#      LDCPE                       : 2
# Clock Buffers                    : 2
#      BUFGP                       : 2
# IO Buffers                       : 5
#      IBUF                        : 3
#      OBUF                        : 2
=========================================================================

Device utilization summary:
---------------------------

Selected Device : 3s500epq208-4 

 Number of Slices:                        2  out of   4656     0%  
 Number of Slice Flip Flops:              2  out of   9312     0%  
 Number of 4 input LUTs:                  4  out of   9312     0%  
 Number of IOs:                           7
 Number of bonded IOBs:                   7  out of    158     4%  
    IOB Flip Flops:                       2
 Number of GCLKs:                         2  out of     24     8%  

---------------------------
Partition Resource Summary:
---------------------------

  No Partitions were found in this design.

---------------------------


=========================================================================
TIMING REPORT

NOTE: THESE TIMING NUMBERS ARE ONLY A SYNTHESIS ESTIMATE.
      FOR ACCURATE TIMING INFORMATION PLEASE REFER TO THE TRACE REPORT
      GENERATED AFTER PLACE-and-ROUTE.

Clock Information:
------------------
-----------------------------------+------------------------+-------+
Clock Signal                       | Clock buffer(FF name)  | Load  |
-----------------------------------+------------------------+-------+
clk                                | BUFGP                  | 2     |
write_data                         | BUFGP                  | 2     |
-----------------------------------+------------------------+-------+

Asynchronous Control Signals Information:
----------------------------------------
-----------------------------------------+------------------------+-------+
Control Signal                           | Buffer(FF name)        | Load  |
-----------------------------------------+------------------------+-------+
N0(XST_GND:G)                            | NONE(nx_state_1)       | 2     |
nx_state_1__or0000(nx_state_1__or00001:O)| NONE(nx_state_1)       | 2     |
reset                                    | IBUF                   | 2     |
-----------------------------------------+------------------------+-------+

Timing Summary:
---------------
Speed Grade: -4

   Minimum period: No path found
   Minimum input arrival time before clock: 3.593ns
   Maximum output required time after clock: 4.283ns
   Maximum combinational path delay: No path found

Timing Detail:
--------------
All values displayed in nanoseconds (ns)

=========================================================================
Timing constraint: Default OFFSET IN BEFORE for Clock 'write_data'
  Total number of paths / destination ports: 6 / 4
-------------------------------------------------------------------------
Offset:              3.593ns (Levels of Logic = 2)
  Source:            reset (PAD)
  Destination:       nx_state_1 (LATCH)
  Destination Clock: write_data falling

  Data Path: reset to nx_state_1
                                Gate     Net
    Cell:in->out      fanout   Delay   Delay  Logical Name (Net Name)
    ----------------------------------------  ------------
     IBUF:I->O             6   1.218   0.669  reset_IBUF (reset_IBUF)
     INV:I->O              2   0.704   0.447  nx_state_0_0_not00001_INV_0 (nx_state_0_0_not0000)
     LDCPE:GE                  0.555          nx_state_2
    ----------------------------------------
    Total                      3.593ns (2.477ns logic, 1.116ns route)
                                       (68.9% logic, 31.1% route)

=========================================================================
Timing constraint: Default OFFSET OUT AFTER for Clock 'clk'
  Total number of paths / destination ports: 2 / 2
-------------------------------------------------------------------------
Offset:              4.283ns (Levels of Logic = 1)
  Source:            pr_state_1 (FF)
  Destination:       oe (PAD)
  Source Clock:      clk rising

  Data Path: pr_state_1 to oe
                                Gate     Net
    Cell:in->out      fanout   Delay   Delay  Logical Name (Net Name)
    ----------------------------------------  ------------
     FDC:C->Q              1   0.591   0.420  pr_state_1 (pr_state_1)
     OBUF:I->O                 3.272          oe_OBUF (oe)
    ----------------------------------------
    Total                      4.283ns (3.863ns logic, 0.420ns route)
                                       (90.2% logic, 9.8% route)

=========================================================================


Total REAL time to Xst completion: 5.00 secs
Total CPU time to Xst completion: 4.35 secs
 
--> 

Total memory usage is 290904 kilobytes

Number of errors   :    0 (   0 filtered)
Number of warnings :    3 (   0 filtered)
Number of infos    :    0 (   0 filtered)

